<?xml version="1.0" encoding="UTF-8"?>
<testng-results ignored="0" total="2" passed="2" failed="0" skipped="0">
  <reporter-output>
  </reporter-output>
  <suite started-at="2026-08-12T20:08:00 IST" name="Default suite" finished-at="2026-08-12T20:08:45 IST" duration-ms="44806">
    <groups>
    </groups>
    <test started-at="2026-08-12T20:08:00 IST" name="Default test" finished-at="2026-08-12T20:08:45 IST" duration-ms="44806">
      <class name="demo.LoginPage">
        <test-method signature="loginFlipkart()[pri:0, instance:demo.LoginPage@59662a0b]" started-at="2026-08-12T20:08:00 IST" name="loginFlipkart" finished-at="2026-08-12T20:08:44 IST" duration-ms="43777" status="PASS">
          <reporter-output>
          </reporter-output>
        </test-method> <!-- loginFlipkart -->
        <test-method signature="logoutFlipkart()[pri:0, instance:demo.LoginPage@59662a0b]" started-at="2026-08-12T20:08:44 IST" name="logoutFlipkart" finished-at="2026-08-12T20:08:45 IST" duration-ms="912" status="PASS">
          <reporter-output>
          </reporter-output>
        </test-method> <!-- logoutFlipkart -->
      </class> <!-- demo.LoginPage -->
    </test> <!-- Default test -->
  </suite> <!-- Default suite -->
</testng-results>
