<?xml version="1.0" encoding="UTF-8"?>
<!-- Generated by org.testng.reporters.JUnitXMLReporter -->
<testsuite ignored="3" hostname="LAPTOP-KE0KU5LQ" failures="0" tests="3" name="Test" time="0.083" errors="0" timestamp="2026-04-19T14:09:52 IST">
  <testcase classname="demo.DemoTest" name="case11" time="0.016"/>
  <testcase classname="sample.SampleTest" name="case1" time="0.003"/>
  <testcase classname="sample.SampleTest" name="case2" time="0.002"/>
  <testcase classname="sample.SampleTest" name="case3" time="0.0">
    <ignored/>
  </testcase> <!-- case3 -->
  <testcase classname="demo.DemoTest" name="case12" time="0.0">
    <ignored/>
  </testcase> <!-- case12 -->
  <testcase classname="demo.DemoTest" name="case13" time="0.0">
    <ignored/>
  </testcase> <!-- case13 -->
</testsuite> <!-- Test -->
